[2m2020-02-24 18:14:50.448[0;39m [32m INFO[0;39m [35m9197[0;39m [2m---[0;39m [2m[  restartedMain][0;39m [36mc.b.y.u.UzilessApplication              [0;39m [2m:[0;39m Starting UzilessApplication on xiayangdeMacBook-Pro.local with PID 9197 (/Users/xiayang/stu/uziless/target/classes started by xiayang in /Users/xiayang/stu/uziless)
[2m2020-02-24 18:14:50.456[0;39m [32m INFO[0;39m [35m9197[0;39m [2m---[0;39m [2m[  restartedMain][0;39m [36mc.b.y.u.UzilessApplication              [0;39m [2m:[0;39m No active profile set, falling back to default profiles: default
[2m2020-02-24 18:14:50.495[0;39m [32m INFO[0;39m [35m9197[0;39m [2m---[0;39m [2m[  restartedMain][0;39m [36m.e.DevToolsPropertyDefaultsPostProcessor[0;39m [2m:[0;39m Devtools property defaults active! Set 'spring.devtools.add-properties' to 'false' to disable
[2m2020-02-24 18:14:50.496[0;39m [32m INFO[0;39m [35m9197[0;39m [2m---[0;39m [2m[  restartedMain][0;39m [36m.e.DevToolsPropertyDefaultsPostProcessor[0;39m [2m:[0;39m For additional web related logging consider setting the 'logging.level.web' property to 'DEBUG'
[2m2020-02-24 18:14:51.402[0;39m [32m INFO[0;39m [35m9197[0;39m [2m---[0;39m [2m[  restartedMain][0;39m [36mo.s.b.w.e.t.TomcatWebServer             [0;39m [2m:[0;39m Tomcat initialized with port(s): 8080 (http)
[2m2020-02-24 18:14:51.424[0;39m [32m INFO[0;39m [35m9197[0;39m [2m---[0;39m [2m[  restartedMain][0;39m [36mo.a.c.h.Http11NioProtocol               [0;39m [2m:[0;39m Initializing ProtocolHandler ["http-nio-8080"]
[2m2020-02-24 18:14:51.425[0;39m [32m INFO[0;39m [35m9197[0;39m [2m---[0;39m [2m[  restartedMain][0;39m [36mo.a.c.c.StandardService                 [0;39m [2m:[0;39m Starting service [Tomcat]
[2m2020-02-24 18:14:51.426[0;39m [32m INFO[0;39m [35m9197[0;39m [2m---[0;39m [2m[  restartedMain][0;39m [36mo.a.c.c.StandardEngine                  [0;39m [2m:[0;39m Starting Servlet engine: [Apache Tomcat/9.0.30]
[2m2020-02-24 18:14:51.501[0;39m [32m INFO[0;39m [35m9197[0;39m [2m---[0;39m [2m[  restartedMain][0;39m [36mo.a.c.c.C.[.[.[/]                       [0;39m [2m:[0;39m Initializing Spring embedded WebApplicationContext
[2m2020-02-24 18:14:51.501[0;39m [32m INFO[0;39m [35m9197[0;39m [2m---[0;39m [2m[  restartedMain][0;39m [36mo.s.w.c.ContextLoader                   [0;39m [2m:[0;39m Root WebApplicationContext: initialization completed in 1005 ms
[2m2020-02-24 18:14:51.704[0;39m [32m INFO[0;39m [35m9197[0;39m [2m---[0;39m [2m[  restartedMain][0;39m [36mo.s.s.c.ThreadPoolTaskExecutor          [0;39m [2m:[0;39m Initializing ExecutorService 'applicationTaskExecutor'
[2m2020-02-24 18:14:51.966[0;39m [32m INFO[0;39m [35m9197[0;39m [2m---[0;39m [2m[  restartedMain][0;39m [36mo.s.b.d.a.OptionalLiveReloadServer      [0;39m [2m:[0;39m LiveReload server is running on port 35729
[2m2020-02-24 18:14:51.984[0;39m [32m INFO[0;39m [35m9197[0;39m [2m---[0;39m [2m[  restartedMain][0;39m [36mo.a.c.h.Http11NioProtocol               [0;39m [2m:[0;39m Starting ProtocolHandler ["http-nio-8080"]
[2m2020-02-24 18:14:52.019[0;39m [32m INFO[0;39m [35m9197[0;39m [2m---[0;39m [2m[  restartedMain][0;39m [36mo.s.b.w.e.t.TomcatWebServer             [0;39m [2m:[0;39m Tomcat started on port(s): 8080 (http) with context path ''
[2m2020-02-24 18:14:52.023[0;39m [32m INFO[0;39m [35m9197[0;39m [2m---[0;39m [2m[  restartedMain][0;39m [36mc.b.y.u.UzilessApplication              [0;39m [2m:[0;39m Started UzilessApplication in 1.957 seconds (JVM running for 3.151)
[2m2020-02-24 18:15:17.213[0;39m [32m INFO[0;39m [35m9197[0;39m [2m---[0;39m [2m[nio-8080-exec-1][0;39m [36mo.a.c.c.C.[.[.[/]                       [0;39m [2m:[0;39m Initializing Spring DispatcherServlet 'dispatcherServlet'
[2m2020-02-24 18:15:17.214[0;39m [32m INFO[0;39m [35m9197[0;39m [2m---[0;39m [2m[nio-8080-exec-1][0;39m [36mo.s.w.s.DispatcherServlet               [0;39m [2m:[0;39m Initializing Servlet 'dispatcherServlet'
[2m2020-02-24 18:15:17.219[0;39m [32m INFO[0;39m [35m9197[0;39m [2m---[0;39m [2m[nio-8080-exec-1][0;39m [36mo.s.w.s.DispatcherServlet               [0;39m [2m:[0;39m Completed initialization in 5 ms
[2m2020-02-24 18:15:17.250[0;39m [32m INFO[0;39m [35m9197[0;39m [2m---[0;39m [2m[nio-8080-exec-1][0;39m [36mc.b.y.u.c.TestController                [0;39m [2m:[0;39m find user info ...
[2m2020-02-24 18:16:03.858[0;39m [32m INFO[0;39m [35m9197[0;39m [2m---[0;39m [2m[      Thread-10][0;39m [36mo.s.s.c.ThreadPoolTaskExecutor          [0;39m [2m:[0;39m Shutting down ExecutorService 'applicationTaskExecutor'
[2m2020-02-24 18:16:04.046[0;39m [32m INFO[0;39m [35m9197[0;39m [2m---[0;39m [2m[  restartedMain][0;39m [36mc.b.y.u.UzilessApplication              [0;39m [2m:[0;39m Starting UzilessApplication on xiayangdeMacBook-Pro.local with PID 9197 (/Users/xiayang/stu/uziless/target/classes started by xiayang in /Users/xiayang/stu/uziless)
[2m2020-02-24 18:16:04.046[0;39m [32m INFO[0;39m [35m9197[0;39m [2m---[0;39m [2m[  restartedMain][0;39m [36mc.b.y.u.UzilessApplication              [0;39m [2m:[0;39m No active profile set, falling back to default profiles: default
[2m2020-02-24 18:16:04.440[0;39m [32m INFO[0;39m [35m9197[0;39m [2m---[0;39m [2m[  restartedMain][0;39m [36mo.s.b.w.e.t.TomcatWebServer             [0;39m [2m:[0;39m Tomcat initialized with port(s): 8080 (http)
[2m2020-02-24 18:16:04.440[0;39m [32m INFO[0;39m [35m9197[0;39m [2m---[0;39m [2m[  restartedMain][0;39m [36mo.a.c.h.Http11NioProtocol               [0;39m [2m:[0;39m Initializing ProtocolHandler ["http-nio-8080"]
[2m2020-02-24 18:16:04.441[0;39m [32m INFO[0;39m [35m9197[0;39m [2m---[0;39m [2m[  restartedMain][0;39m [36mo.a.c.c.StandardService                 [0;39m [2m:[0;39m Starting service [Tomcat]
[2m2020-02-24 18:16:04.441[0;39m [32m INFO[0;39m [35m9197[0;39m [2m---[0;39m [2m[  restartedMain][0;39m [36mo.a.c.c.StandardEngine                  [0;39m [2m:[0;39m Starting Servlet engine: [Apache Tomcat/9.0.30]
[2m2020-02-24 18:16:04.448[0;39m [32m INFO[0;39m [35m9197[0;39m [2m---[0;39m [2m[  restartedMain][0;39m [36mo.a.c.c.C.[.[.[/]                       [0;39m [2m:[0;39m Initializing Spring embedded WebApplicationContext
[2m2020-02-24 18:16:04.448[0;39m [32m INFO[0;39m [35m9197[0;39m [2m---[0;39m [2m[  restartedMain][0;39m [36mo.s.w.c.ContextLoader                   [0;39m [2m:[0;39m Root WebApplicationContext: initialization completed in 399 ms
[2m2020-02-24 18:16:04.599[0;39m [32m INFO[0;39m [35m9197[0;39m [2m---[0;39m [2m[  restartedMain][0;39m [36mo.s.s.c.ThreadPoolTaskExecutor          [0;39m [2m:[0;39m Initializing ExecutorService 'applicationTaskExecutor'
[2m2020-02-24 18:16:04.707[0;39m [32m INFO[0;39m [35m9197[0;39m [2m---[0;39m [2m[  restartedMain][0;39m [36mo.s.b.d.a.OptionalLiveReloadServer      [0;39m [2m:[0;39m LiveReload server is running on port 35729
[2m2020-02-24 18:16:04.716[0;39m [32m INFO[0;39m [35m9197[0;39m [2m---[0;39m [2m[  restartedMain][0;39m [36mo.a.c.h.Http11NioProtocol               [0;39m [2m:[0;39m Starting ProtocolHandler ["http-nio-8080"]
[2m2020-02-24 18:16:04.718[0;39m [32m INFO[0;39m [35m9197[0;39m [2m---[0;39m [2m[  restartedMain][0;39m [36mo.s.b.w.e.t.TomcatWebServer             [0;39m [2m:[0;39m Tomcat started on port(s): 8080 (http) with context path ''
[2m2020-02-24 18:16:04.719[0;39m [32m INFO[0;39m [35m9197[0;39m [2m---[0;39m [2m[  restartedMain][0;39m [36mc.b.y.u.UzilessApplication              [0;39m [2m:[0;39m Started UzilessApplication in 0.709 seconds (JVM running for 75.846)
[2m2020-02-24 18:16:04.720[0;39m [32m INFO[0;39m [35m9197[0;39m [2m---[0;39m [2m[  restartedMain][0;39m [36m.ConditionEvaluationDeltaLoggingListener[0;39m [2m:[0;39m Condition evaluation unchanged
[2m2020-02-24 18:16:11.031[0;39m [32m INFO[0;39m [35m9197[0;39m [2m---[0;39m [2m[nio-8080-exec-1][0;39m [36mo.a.c.c.C.[.[.[/]                       [0;39m [2m:[0;39m Initializing Spring DispatcherServlet 'dispatcherServlet'
[2m2020-02-24 18:16:11.031[0;39m [32m INFO[0;39m [35m9197[0;39m [2m---[0;39m [2m[nio-8080-exec-1][0;39m [36mo.s.w.s.DispatcherServlet               [0;39m [2m:[0;39m Initializing Servlet 'dispatcherServlet'
[2m2020-02-24 18:16:11.040[0;39m [32m INFO[0;39m [35m9197[0;39m [2m---[0;39m [2m[nio-8080-exec-1][0;39m [36mo.s.w.s.DispatcherServlet               [0;39m [2m:[0;39m Completed initialization in 8 ms
[2m2020-02-24 18:16:11.050[0;39m [32m INFO[0;39m [35m9197[0;39m [2m---[0;39m [2m[nio-8080-exec-1][0;39m [36mc.b.y.u.c.a.WebLogAspect                [0;39m [2m:[0;39m ========================================== Start ==========================================
[2m2020-02-24 18:16:11.053[0;39m [32m INFO[0;39m [35m9197[0;39m [2m---[0;39m [2m[nio-8080-exec-1][0;39m [36mc.b.y.u.c.a.WebLogAspect                [0;39m [2m:[0;39m URL            : http://localhost:8080/user/login
[2m2020-02-24 18:16:11.053[0;39m [32m INFO[0;39m [35m9197[0;39m [2m---[0;39m [2m[nio-8080-exec-1][0;39m [36mc.b.y.u.c.a.WebLogAspect                [0;39m [2m:[0;39m Description    : 请求了用户登录接口
[2m2020-02-24 18:16:11.053[0;39m [32m INFO[0;39m [35m9197[0;39m [2m---[0;39m [2m[nio-8080-exec-1][0;39m [36mc.b.y.u.c.a.WebLogAspect                [0;39m [2m:[0;39m HTTP Method    : GET
[2m2020-02-24 18:16:11.053[0;39m [32m INFO[0;39m [35m9197[0;39m [2m---[0;39m [2m[nio-8080-exec-1][0;39m [36mc.b.y.u.c.a.WebLogAspect                [0;39m [2m:[0;39m Class Method   : com.benjamin.young.uziless.controller.TestController.findUserInfo
[2m2020-02-24 18:16:11.053[0;39m [32m INFO[0;39m [35m9197[0;39m [2m---[0;39m [2m[nio-8080-exec-1][0;39m [36mc.b.y.u.c.a.WebLogAspect                [0;39m [2m:[0;39m IP             : 0:0:0:0:0:0:0:1
[2m2020-02-24 18:16:11.057[0;39m [32m INFO[0;39m [35m9197[0;39m [2m---[0;39m [2m[nio-8080-exec-1][0;39m [36mc.b.y.u.c.a.WebLogAspect                [0;39m [2m:[0;39m Request Args   : ["login"]
[2m2020-02-24 18:16:11.068[0;39m [32m INFO[0;39m [35m9197[0;39m [2m---[0;39m [2m[nio-8080-exec-1][0;39m [36mc.b.y.u.c.TestController                [0;39m [2m:[0;39m find user info ...
[2m2020-02-24 18:16:11.069[0;39m [32m INFO[0;39m [35m9197[0;39m [2m---[0;39m [2m[nio-8080-exec-1][0;39m [36mc.b.y.u.c.a.WebLogAspect                [0;39m [2m:[0;39m Response Args  : "success"
[2m2020-02-24 18:16:11.069[0;39m [32m INFO[0;39m [35m9197[0;39m [2m---[0;39m [2m[nio-8080-exec-1][0;39m [36mc.b.y.u.c.a.WebLogAspect                [0;39m [2m:[0;39m Time-Consuming : 21 ms
[2m2020-02-24 18:16:11.069[0;39m [32m INFO[0;39m [35m9197[0;39m [2m---[0;39m [2m[nio-8080-exec-1][0;39m [36mc.b.y.u.c.a.WebLogAspect                [0;39m [2m:[0;39m =========================================== End ===========================================

[2m2020-02-24 18:17:09.593[0;39m [32m INFO[0;39m [35m9197[0;39m [2m---[0;39m [2m[nio-8080-exec-3][0;39m [36mc.b.y.u.c.a.WebLogAspect                [0;39m [2m:[0;39m ========================================== Start ==========================================
[2m2020-02-24 18:17:09.594[0;39m [32m INFO[0;39m [35m9197[0;39m [2m---[0;39m [2m[nio-8080-exec-3][0;39m [36mc.b.y.u.c.a.WebLogAspect                [0;39m [2m:[0;39m URL            : http://localhost:8080/user/1
[2m2020-02-24 18:17:09.595[0;39m [32m INFO[0;39m [35m9197[0;39m [2m---[0;39m [2m[nio-8080-exec-3][0;39m [36mc.b.y.u.c.a.WebLogAspect                [0;39m [2m:[0;39m Description    : 请求了用户登录接口
[2m2020-02-24 18:17:09.595[0;39m [32m INFO[0;39m [35m9197[0;39m [2m---[0;39m [2m[nio-8080-exec-3][0;39m [36mc.b.y.u.c.a.WebLogAspect                [0;39m [2m:[0;39m HTTP Method    : GET
[2m2020-02-24 18:17:09.595[0;39m [32m INFO[0;39m [35m9197[0;39m [2m---[0;39m [2m[nio-8080-exec-3][0;39m [36mc.b.y.u.c.a.WebLogAspect                [0;39m [2m:[0;39m Class Method   : com.benjamin.young.uziless.controller.TestController.findUserInfo
[2m2020-02-24 18:17:09.595[0;39m [32m INFO[0;39m [35m9197[0;39m [2m---[0;39m [2m[nio-8080-exec-3][0;39m [36mc.b.y.u.c.a.WebLogAspect                [0;39m [2m:[0;39m IP             : 0:0:0:0:0:0:0:1
[2m2020-02-24 18:17:09.596[0;39m [32m INFO[0;39m [35m9197[0;39m [2m---[0;39m [2m[nio-8080-exec-3][0;39m [36mc.b.y.u.c.a.WebLogAspect                [0;39m [2m:[0;39m Request Args   : ["1"]
[2m2020-02-24 18:17:09.596[0;39m [32m INFO[0;39m [35m9197[0;39m [2m---[0;39m [2m[nio-8080-exec-3][0;39m [36mc.b.y.u.c.TestController                [0;39m [2m:[0;39m find user info ...
[2m2020-02-24 18:17:09.597[0;39m [32m INFO[0;39m [35m9197[0;39m [2m---[0;39m [2m[nio-8080-exec-3][0;39m [36mc.b.y.u.c.a.WebLogAspect                [0;39m [2m:[0;39m Response Args  : "success"
[2m2020-02-24 18:17:09.597[0;39m [32m INFO[0;39m [35m9197[0;39m [2m---[0;39m [2m[nio-8080-exec-3][0;39m [36mc.b.y.u.c.a.WebLogAspect                [0;39m [2m:[0;39m Time-Consuming : 4 ms
[2m2020-02-24 18:17:09.597[0;39m [32m INFO[0;39m [35m9197[0;39m [2m---[0;39m [2m[nio-8080-exec-3][0;39m [36mc.b.y.u.c.a.WebLogAspect                [0;39m [2m:[0;39m =========================================== End ===========================================

[2m2020-02-24 18:17:34.465[0;39m [32m INFO[0;39m [35m9197[0;39m [2m---[0;39m [2m[nio-8080-exec-5][0;39m [36mc.b.y.u.c.a.WebLogAspect                [0;39m [2m:[0;39m ========================================== Start ==========================================
[2m2020-02-24 18:17:34.465[0;39m [32m INFO[0;39m [35m9197[0;39m [2m---[0;39m [2m[nio-8080-exec-5][0;39m [36mc.b.y.u.c.a.WebLogAspect                [0;39m [2m:[0;39m URL            : http://localhost:8080/user/1
[2m2020-02-24 18:17:34.465[0;39m [32m INFO[0;39m [35m9197[0;39m [2m---[0;39m [2m[nio-8080-exec-5][0;39m [36mc.b.y.u.c.a.WebLogAspect                [0;39m [2m:[0;39m Description    : 请求了用户登录接口
[2m2020-02-24 18:17:34.465[0;39m [32m INFO[0;39m [35m9197[0;39m [2m---[0;39m [2m[nio-8080-exec-5][0;39m [36mc.b.y.u.c.a.WebLogAspect                [0;39m [2m:[0;39m HTTP Method    : GET
[2m2020-02-24 18:17:34.466[0;39m [32m INFO[0;39m [35m9197[0;39m [2m---[0;39m [2m[nio-8080-exec-5][0;39m [36mc.b.y.u.c.a.WebLogAspect                [0;39m [2m:[0;39m Class Method   : com.benjamin.young.uziless.controller.TestController.findUserInfo
[2m2020-02-24 18:17:34.466[0;39m [32m INFO[0;39m [35m9197[0;39m [2m---[0;39m [2m[nio-8080-exec-5][0;39m [36mc.b.y.u.c.a.WebLogAspect                [0;39m [2m:[0;39m IP             : 0:0:0:0:0:0:0:1
[2m2020-02-24 18:17:34.466[0;39m [32m INFO[0;39m [35m9197[0;39m [2m---[0;39m [2m[nio-8080-exec-5][0;39m [36mc.b.y.u.c.a.WebLogAspect                [0;39m [2m:[0;39m Request Args   : ["1"]
[2m2020-02-24 18:17:34.466[0;39m [32m INFO[0;39m [35m9197[0;39m [2m---[0;39m [2m[nio-8080-exec-5][0;39m [36mc.b.y.u.c.TestController                [0;39m [2m:[0;39m find user info ...
[2m2020-02-24 18:17:34.466[0;39m [32m INFO[0;39m [35m9197[0;39m [2m---[0;39m [2m[nio-8080-exec-5][0;39m [36mc.b.y.u.c.a.WebLogAspect                [0;39m [2m:[0;39m Response Args  : "success"
[2m2020-02-24 18:17:34.467[0;39m [32m INFO[0;39m [35m9197[0;39m [2m---[0;39m [2m[nio-8080-exec-5][0;39m [36mc.b.y.u.c.a.WebLogAspect                [0;39m [2m:[0;39m Time-Consuming : 2 ms
[2m2020-02-24 18:17:34.467[0;39m [32m INFO[0;39m [35m9197[0;39m [2m---[0;39m [2m[nio-8080-exec-5][0;39m [36mc.b.y.u.c.a.WebLogAspect                [0;39m [2m:[0;39m =========================================== End ===========================================

[2m2020-02-24 18:17:36.751[0;39m [32m INFO[0;39m [35m9197[0;39m [2m---[0;39m [2m[nio-8080-exec-6][0;39m [36mc.b.y.u.c.a.WebLogAspect                [0;39m [2m:[0;39m ========================================== Start ==========================================
[2m2020-02-24 18:17:36.752[0;39m [32m INFO[0;39m [35m9197[0;39m [2m---[0;39m [2m[nio-8080-exec-6][0;39m [36mc.b.y.u.c.a.WebLogAspect                [0;39m [2m:[0;39m URL            : http://localhost:8080/user/1
[2m2020-02-24 18:17:36.752[0;39m [32m INFO[0;39m [35m9197[0;39m [2m---[0;39m [2m[nio-8080-exec-6][0;39m [36mc.b.y.u.c.a.WebLogAspect                [0;39m [2m:[0;39m Description    : 请求了用户登录接口
[2m2020-02-24 18:17:36.752[0;39m [32m INFO[0;39m [35m9197[0;39m [2m---[0;39m [2m[nio-8080-exec-6][0;39m [36mc.b.y.u.c.a.WebLogAspect                [0;39m [2m:[0;39m HTTP Method    : GET
[2m2020-02-24 18:17:36.752[0;39m [32m INFO[0;39m [35m9197[0;39m [2m---[0;39m [2m[nio-8080-exec-6][0;39m [36mc.b.y.u.c.a.WebLogAspect                [0;39m [2m:[0;39m Class Method   : com.benjamin.young.uziless.controller.TestController.findUserInfo
[2m2020-02-24 18:17:36.752[0;39m [32m INFO[0;39m [35m9197[0;39m [2m---[0;39m [2m[nio-8080-exec-6][0;39m [36mc.b.y.u.c.a.WebLogAspect                [0;39m [2m:[0;39m IP             : 0:0:0:0:0:0:0:1
[2m2020-02-24 18:17:36.753[0;39m [32m INFO[0;39m [35m9197[0;39m [2m---[0;39m [2m[nio-8080-exec-6][0;39m [36mc.b.y.u.c.a.WebLogAspect                [0;39m [2m:[0;39m Request Args   : ["1"]
[2m2020-02-24 18:17:36.753[0;39m [32m INFO[0;39m [35m9197[0;39m [2m---[0;39m [2m[nio-8080-exec-6][0;39m [36mc.b.y.u.c.TestController                [0;39m [2m:[0;39m find user info ...
[2m2020-02-24 18:17:36.753[0;39m [32m INFO[0;39m [35m9197[0;39m [2m---[0;39m [2m[nio-8080-exec-6][0;39m [36mc.b.y.u.c.a.WebLogAspect                [0;39m [2m:[0;39m Response Args  : "success"
[2m2020-02-24 18:17:36.753[0;39m [32m INFO[0;39m [35m9197[0;39m [2m---[0;39m [2m[nio-8080-exec-6][0;39m [36mc.b.y.u.c.a.WebLogAspect                [0;39m [2m:[0;39m Time-Consuming : 2 ms
[2m2020-02-24 18:17:36.753[0;39m [32m INFO[0;39m [35m9197[0;39m [2m---[0;39m [2m[nio-8080-exec-6][0;39m [36mc.b.y.u.c.a.WebLogAspect                [0;39m [2m:[0;39m =========================================== End ===========================================

[2m2020-02-25 16:28:42.969[0;39m [32m INFO[0;39m [35m9197[0;39m [2m---[0;39m [2m[      Thread-17][0;39m [36mo.s.s.c.ThreadPoolTaskExecutor          [0;39m [2m:[0;39m Shutting down ExecutorService 'applicationTaskExecutor'
[2m2020-02-25 16:28:44.092[0;39m [32m INFO[0;39m [35m9197[0;39m [2m---[0;39m [2m[  restartedMain][0;39m [36mc.b.y.u.UzilessApplication              [0;39m [2m:[0;39m Starting UzilessApplication on xiayangdeMacBook-Pro.local with PID 9197 (/Users/xiayang/stu/uziless/target/classes started by xiayang in /Users/xiayang/stu/uziless)
[2m2020-02-25 16:28:44.093[0;39m [32m INFO[0;39m [35m9197[0;39m [2m---[0;39m [2m[  restartedMain][0;39m [36mc.b.y.u.UzilessApplication              [0;39m [2m:[0;39m No active profile set, falling back to default profiles: default
[2m2020-02-25 16:28:45.045[0;39m [32m INFO[0;39m [35m9197[0;39m [2m---[0;39m [2m[  restartedMain][0;39m [36mo.s.b.w.e.t.TomcatWebServer             [0;39m [2m:[0;39m Tomcat initialized with port(s): 8080 (http)
[2m2020-02-25 16:28:45.046[0;39m [32m INFO[0;39m [35m9197[0;39m [2m---[0;39m [2m[  restartedMain][0;39m [36mo.a.c.h.Http11NioProtocol               [0;39m [2m:[0;39m Initializing ProtocolHandler ["http-nio-8080"]
[2m2020-02-25 16:28:45.046[0;39m [32m INFO[0;39m [35m9197[0;39m [2m---[0;39m [2m[  restartedMain][0;39m [36mo.a.c.c.StandardService                 [0;39m [2m:[0;39m Starting service [Tomcat]
[2m2020-02-25 16:28:45.046[0;39m [32m INFO[0;39m [35m9197[0;39m [2m---[0;39m [2m[  restartedMain][0;39m [36mo.a.c.c.StandardEngine                  [0;39m [2m:[0;39m Starting Servlet engine: [Apache Tomcat/9.0.30]
[2m2020-02-25 16:28:45.058[0;39m [32m INFO[0;39m [35m9197[0;39m [2m---[0;39m [2m[  restartedMain][0;39m [36mo.a.c.c.C.[.[.[/]                       [0;39m [2m:[0;39m Initializing Spring embedded WebApplicationContext
[2m2020-02-25 16:28:45.059[0;39m [32m INFO[0;39m [35m9197[0;39m [2m---[0;39m [2m[  restartedMain][0;39m [36mo.s.w.c.ContextLoader                   [0;39m [2m:[0;39m Root WebApplicationContext: initialization completed in 958 ms
[2m2020-02-25 16:28:45.351[0;39m [32m INFO[0;39m [35m9197[0;39m [2m---[0;39m [2m[  restartedMain][0;39m [36mo.s.s.c.ThreadPoolTaskExecutor          [0;39m [2m:[0;39m Initializing ExecutorService 'applicationTaskExecutor'
[2m2020-02-25 16:28:45.638[0;39m [32m INFO[0;39m [35m9197[0;39m [2m---[0;39m [2m[  restartedMain][0;39m [36mo.s.b.d.a.OptionalLiveReloadServer      [0;39m [2m:[0;39m LiveReload server is running on port 35729
[2m2020-02-25 16:28:45.659[0;39m [32m INFO[0;39m [35m9197[0;39m [2m---[0;39m [2m[  restartedMain][0;39m [36mo.a.c.h.Http11NioProtocol               [0;39m [2m:[0;39m Starting ProtocolHandler ["http-nio-8080"]
[2m2020-02-25 16:28:45.662[0;39m [32m INFO[0;39m [35m9197[0;39m [2m---[0;39m [2m[  restartedMain][0;39m [36mo.s.b.w.e.t.TomcatWebServer             [0;39m [2m:[0;39m Tomcat started on port(s): 8080 (http) with context path ''
[2m2020-02-25 16:28:45.663[0;39m [32m INFO[0;39m [35m9197[0;39m [2m---[0;39m [2m[  restartedMain][0;39m [36mc.b.y.u.UzilessApplication              [0;39m [2m:[0;39m Started UzilessApplication in 1.807 seconds (JVM running for 32285.955)
[2m2020-02-25 16:28:45.665[0;39m [32m INFO[0;39m [35m9197[0;39m [2m---[0;39m [2m[  restartedMain][0;39m [36m.ConditionEvaluationDeltaLoggingListener[0;39m [2m:[0;39m Condition evaluation unchanged
[2m2020-02-25 16:41:10.301[0;39m [32m INFO[0;39m [35m9197[0;39m [2m---[0;39m [2m[      Thread-22][0;39m [36mo.s.s.c.ThreadPoolTaskExecutor          [0;39m [2m:[0;39m Shutting down ExecutorService 'applicationTaskExecutor'
[2m2020-02-25 16:41:10.908[0;39m [32m INFO[0;39m [35m9197[0;39m [2m---[0;39m [2m[  restartedMain][0;39m [36mc.b.y.u.UzilessApplication              [0;39m [2m:[0;39m Starting UzilessApplication on xiayangdeMacBook-Pro.local with PID 9197 (/Users/xiayang/stu/uziless/target/classes started by xiayang in /Users/xiayang/stu/uziless)
[2m2020-02-25 16:41:10.911[0;39m [32m INFO[0;39m [35m9197[0;39m [2m---[0;39m [2m[  restartedMain][0;39m [36mc.b.y.u.UzilessApplication              [0;39m [2m:[0;39m No active profile set, falling back to default profiles: default
[2m2020-02-25 16:41:11.436[0;39m [32m INFO[0;39m [35m9197[0;39m [2m---[0;39m [2m[  restartedMain][0;39m [36mo.s.b.w.e.t.TomcatWebServer             [0;39m [2m:[0;39m Tomcat initialized with port(s): 8080 (http)
[2m2020-02-25 16:41:11.437[0;39m [32m INFO[0;39m [35m9197[0;39m [2m---[0;39m [2m[  restartedMain][0;39m [36mo.a.c.h.Http11NioProtocol               [0;39m [2m:[0;39m Initializing ProtocolHandler ["http-nio-8080"]
[2m2020-02-25 16:41:11.438[0;39m [32m INFO[0;39m [35m9197[0;39m [2m---[0;39m [2m[  restartedMain][0;39m [36mo.a.c.c.StandardService                 [0;39m [2m:[0;39m Starting service [Tomcat]
[2m2020-02-25 16:41:11.438[0;39m [32m INFO[0;39m [35m9197[0;39m [2m---[0;39m [2m[  restartedMain][0;39m [36mo.a.c.c.StandardEngine                  [0;39m [2m:[0;39m Starting Servlet engine: [Apache Tomcat/9.0.30]
[2m2020-02-25 16:41:11.454[0;39m [32m INFO[0;39m [35m9197[0;39m [2m---[0;39m [2m[  restartedMain][0;39m [36mo.a.c.c.C.[.[.[/]                       [0;39m [2m:[0;39m Initializing Spring embedded WebApplicationContext
[2m2020-02-25 16:41:11.454[0;39m [32m INFO[0;39m [35m9197[0;39m [2m---[0;39m [2m[  restartedMain][0;39m [36mo.s.w.c.ContextLoader                   [0;39m [2m:[0;39m Root WebApplicationContext: initialization completed in 532 ms
[2m2020-02-25 16:41:11.706[0;39m [32m INFO[0;39m [35m9197[0;39m [2m---[0;39m [2m[  restartedMain][0;39m [36mo.s.s.c.ThreadPoolTaskExecutor          [0;39m [2m:[0;39m Initializing ExecutorService 'applicationTaskExecutor'
[2m2020-02-25 16:41:11.786[0;39m [32m INFO[0;39m [35m9197[0;39m [2m---[0;39m [2m[  restartedMain][0;39m [36mo.s.b.d.a.OptionalLiveReloadServer      [0;39m [2m:[0;39m LiveReload server is running on port 35729
[2m2020-02-25 16:41:11.793[0;39m [32m INFO[0;39m [35m9197[0;39m [2m---[0;39m [2m[  restartedMain][0;39m [36mo.a.c.h.Http11NioProtocol               [0;39m [2m:[0;39m Starting ProtocolHandler ["http-nio-8080"]
[2m2020-02-25 16:41:11.796[0;39m [32m INFO[0;39m [35m9197[0;39m [2m---[0;39m [2m[  restartedMain][0;39m [36mo.s.b.w.e.t.TomcatWebServer             [0;39m [2m:[0;39m Tomcat started on port(s): 8080 (http) with context path ''
[2m2020-02-25 16:41:11.797[0;39m [32m INFO[0;39m [35m9197[0;39m [2m---[0;39m [2m[  restartedMain][0;39m [36mc.b.y.u.UzilessApplication              [0;39m [2m:[0;39m Started UzilessApplication in 1.156 seconds (JVM running for 33032.062)
[2m2020-02-25 16:41:11.798[0;39m [32m INFO[0;39m [35m9197[0;39m [2m---[0;39m [2m[  restartedMain][0;39m [36m.ConditionEvaluationDeltaLoggingListener[0;39m [2m:[0;39m Condition evaluation unchanged
[2m2020-02-25 18:17:40.585[0;39m [32m INFO[0;39m [35m9197[0;39m [2m---[0;39m [2m[extShutdownHook][0;39m [36mo.s.s.c.ThreadPoolTaskExecutor          [0;39m [2m:[0;39m Shutting down ExecutorService 'applicationTaskExecutor'
